Using pre-set license
Built from '2021.1/release' branch; Version is '2021.1.0f1 (61a549675243) revision 6399305'; Using compiler version '192528614'; Build Type 'Release'
OS: 'Windows 10 Pro; OS build 19042.928; Version 2009; 64bit' Language: 'es' Physical Memory: 16267 MB
BatchMode: 1, IsHumanControllingUs: 0, StartBugReporterOnCrash: 0, Is64bit: 1, IsPro: 0

 COMMAND LINE ARGUMENTS:
E:\UNITY EDITORS\2021.1.0f1\Editor\Unity.exe
-adb2
-batchMode
-noUpm
-name
AssetImportWorker0
-projectPath
C:/Users/sekker/Documents/GitHub/New-Era-WarGame-Project/NE_Project
-logFile
Logs/AssetImportWorker0.log
-srvPort
52475
Successfully changed project path to: C:/Users/sekker/Documents/GitHub/New-Era-WarGame-Project/NE_Project
C:/Users/sekker/Documents/GitHub/New-Era-WarGame-Project/NE_Project
Using Asset Import Pipeline V2.
Refreshing native plugins compatible for Editor in 106.16 ms, found 1 plugins.
Preloading 0 native plugins for Editor in 0.00 ms.
Initialize engine version: 2021.1.0f1 (61a549675243)
[Subsystems] Discovering subsystems at path E:/UNITY EDITORS/2021.1.0f1/Editor/Data/Resources/UnitySubsystems
[Subsystems] Discovering subsystems at path C:/Users/sekker/Documents/GitHub/New-Era-WarGame-Project/NE_Project/Assets
GfxDevice: creating device client; threaded=0; jobified=0
Direct3D:
    Version:  Direct3D 11.0 [level 11.1]
    Renderer: NVIDIA GeForce GTX 1080 Ti (ID=0x1b06)
    Vendor:   NVIDIA
    VRAM:     11127 MB
    Driver:   27.21.14.6140
Initialize mono
Mono path[0] = 'E:/UNITY EDITORS/2021.1.0f1/Editor/Data/Managed'
Mono path[1] = 'E:/UNITY EDITORS/2021.1.0f1/Editor/Data/MonoBleedingEdge/lib/mono/unityjit'
Mono config path = 'E:/UNITY EDITORS/2021.1.0f1/Editor/Data/MonoBleedingEdge/etc'
Using monoOptions --debugger-agent=transport=dt_socket,embedding=1,server=y,suspend=n,address=127.0.0.1:56736
Begin MonoManager ReloadAssembly
Registering precompiled unity dll's ...
Register platform support module: E:/UNITY EDITORS/2021.1.0f1/Editor/Data/PlaybackEngines/WindowsStandaloneSupport/UnityEditor.WindowsStandalone.Extensions.dll
Register platform support module: E:/UNITY EDITORS/2021.1.0f1/Editor/Data/PlaybackEngines/LinuxStandaloneSupport/UnityEditor.LinuxStandalone.Extensions.dll
Registered in 0.110162 seconds.
Native extension for LinuxStandalone target not found
Native extension for WindowsStandalone target not found
Refreshing native plugins compatible for Editor in 101.96 ms, found 1 plugins.
Preloading 0 native plugins for Editor in 0.00 ms.
Mono: successfully reloaded assembly
- Completed reload, in  1.448 seconds
Platform modules already initialized, skipping
Registering precompiled user dll's ...
Registered in 0.099480 seconds.
Begin MonoManager ReloadAssembly
Native extension for LinuxStandalone target not found
Native extension for WindowsStandalone target not found
Refreshing native plugins compatible for Editor in 108.11 ms, found 1 plugins.
Preloading 0 native plugins for Editor in 0.00 ms.
Mono: successfully reloaded assembly
- Completed reload, in  1.902 seconds
Platform modules already initialized, skipping
========================================================================
Worker process is ready to serve import requests
Launched and connected shader compiler UnityShaderCompiler.exe after 0.06 seconds
Refreshing native plugins compatible for Editor in 0.62 ms, found 1 plugins.
Preloading 0 native plugins for Editor in 0.00 ms.
Unloading 5087 Unused Serialized files (Serialized files now loaded: 0)
System memory in use before: 208.3 MB.
System memory in use after: 205.8 MB.

Unloading 48 unused Assets to reduce memory usage. Loaded Objects now: 5509.
Total: 4.768700 ms (FindLiveObjects: 0.453300 ms CreateObjectMapping: 0.439200 ms MarkObjects: 1.901900 ms  DeleteObjects: 1.973300 ms)

========================================================================
Received Import Request.
  path: Assets/Scripts/Code/Progress System
  artifactKey: Guid(bbdeb5093d6bad04ab5cbeb5741a9f80) Importer(815301076,1909f56bfc062723c751e8b465ee728b)
Start importing Assets/Scripts/Code/Progress System using Guid(bbdeb5093d6bad04ab5cbeb5741a9f80) Importer(815301076,1909f56bfc062723c751e8b465ee728b)  -> (artifact id: '81d48373f13d3ae43053f266a6d9225d') in 0.007619 seconds 
========================================================================
Received Import Request.
  Time since last request: 8.034978 seconds.
  path: Assets/Scripts/Code/Progress System/ProgressFactory.cs
  artifactKey: Guid(d1b84f15e1cdcf64b9f13b9ccb6a2ae3) Importer(815301076,1909f56bfc062723c751e8b465ee728b)
Start importing Assets/Scripts/Code/Progress System/ProgressFactory.cs using Guid(d1b84f15e1cdcf64b9f13b9ccb6a2ae3) Importer(815301076,1909f56bfc062723c751e8b465ee728b)  -> (artifact id: 'c3f41291f990d61abe2565b08144f0cd') in 0.039218 seconds 
========================================================================
Received Prepare
Registering precompiled user dll's ...
Registered in 0.002968 seconds.
Begin MonoManager ReloadAssembly
Native extension for LinuxStandalone target not found
Native extension for WindowsStandalone target not found
Refreshing native plugins compatible for Editor in 0.64 ms, found 1 plugins.
Preloading 0 native plugins for Editor in 0.00 ms.
Mono: successfully reloaded assembly
- Completed reload, in  0.959 seconds
Platform modules already initialized, skipping
Refreshing native plugins compatible for Editor in 0.66 ms, found 1 plugins.
Preloading 0 native plugins for Editor in 0.00 ms.
Unloading 4845 Unused Serialized files (Serialized files now loaded: 0)
System memory in use before: 198.6 MB.
System memory in use after: 196.0 MB.

Unloading 43 unused Assets to reduce memory usage. Loaded Objects now: 5513.
Total: 3.660500 ms (FindLiveObjects: 0.422800 ms CreateObjectMapping: 0.288600 ms MarkObjects: 1.678000 ms  DeleteObjects: 1.270100 ms)

========================================================================
Received Import Request.
  Time since last request: 13.319650 seconds.
  path: Assets/Scripts/Code/Progress System/EarnPoints.cs
  artifactKey: Guid(40401243dafbee749a437eeb341c17e2) Importer(815301076,1909f56bfc062723c751e8b465ee728b)
Start importing Assets/Scripts/Code/Progress System/EarnPoints.cs using Guid(40401243dafbee749a437eeb341c17e2) Importer(815301076,1909f56bfc062723c751e8b465ee728b)  -> (artifact id: '3ff912efdf033c9d0dde0568549fddbf') in 0.010305 seconds 
========================================================================
Received Prepare
Registering precompiled user dll's ...
Registered in 0.003067 seconds.
Begin MonoManager ReloadAssembly
Native extension for LinuxStandalone target not found
Native extension for WindowsStandalone target not found
Refreshing native plugins compatible for Editor in 0.91 ms, found 1 plugins.
Preloading 0 native plugins for Editor in 0.00 ms.
Mono: successfully reloaded assembly
- Completed reload, in  0.950 seconds
Platform modules already initialized, skipping
Refreshing native plugins compatible for Editor in 0.65 ms, found 1 plugins.
Preloading 0 native plugins for Editor in 0.00 ms.
Unloading 4846 Unused Serialized files (Serialized files now loaded: 0)
System memory in use before: 198.6 MB.
System memory in use after: 196.1 MB.

Unloading 43 unused Assets to reduce memory usage. Loaded Objects now: 5517.
Total: 4.673500 ms (FindLiveObjects: 0.467200 ms CreateObjectMapping: 0.316800 ms MarkObjects: 2.496500 ms  DeleteObjects: 1.392100 ms)

========================================================================
Received Import Request.
  Time since last request: 19.356411 seconds.
  path: Assets/Scripts/Code/Progress System/SpentPoints.cs
  artifactKey: Guid(e4db3fe57ab1573409f9d40004695e17) Importer(815301076,1909f56bfc062723c751e8b465ee728b)
Start importing Assets/Scripts/Code/Progress System/SpentPoints.cs using Guid(e4db3fe57ab1573409f9d40004695e17) Importer(815301076,1909f56bfc062723c751e8b465ee728b)  -> (artifact id: 'fc3ba05472d56949617682930c6fa537') in 0.008562 seconds 
========================================================================
Received Prepare
Registering precompiled user dll's ...
Registered in 0.002947 seconds.
Begin MonoManager ReloadAssembly
Native extension for LinuxStandalone target not found
Native extension for WindowsStandalone target not found
Refreshing native plugins compatible for Editor in 0.69 ms, found 1 plugins.
Preloading 0 native plugins for Editor in 0.00 ms.
Mono: successfully reloaded assembly
- Completed reload, in  0.938 seconds
Platform modules already initialized, skipping
Refreshing native plugins compatible for Editor in 0.63 ms, found 1 plugins.
Preloading 0 native plugins for Editor in 0.00 ms.
Unloading 4847 Unused Serialized files (Serialized files now loaded: 0)
System memory in use before: 198.7 MB.
System memory in use after: 196.2 MB.

Unloading 43 unused Assets to reduce memory usage. Loaded Objects now: 5521.
Total: 3.823700 ms (FindLiveObjects: 0.450300 ms CreateObjectMapping: 0.326100 ms MarkObjects: 1.670800 ms  DeleteObjects: 1.375700 ms)

========================================================================
Received Import Request.
  Time since last request: 16.136389 seconds.
  path: Assets/Scripts/Code/Progress System/ProgressBalance.cs
  artifactKey: Guid(8c9f1de99d43e104ead70a105dac6c99) Importer(815301076,1909f56bfc062723c751e8b465ee728b)
Start importing Assets/Scripts/Code/Progress System/ProgressBalance.cs using Guid(8c9f1de99d43e104ead70a105dac6c99) Importer(815301076,1909f56bfc062723c751e8b465ee728b)  -> (artifact id: '412d3663f867c7be48dae62a8ae7e1f2') in 0.009265 seconds 
========================================================================
Received Prepare
Registering precompiled user dll's ...
Registered in 0.003044 seconds.
Begin MonoManager ReloadAssembly
Native extension for LinuxStandalone target not found
Native extension for WindowsStandalone target not found
Refreshing native plugins compatible for Editor in 0.65 ms, found 1 plugins.
Preloading 0 native plugins for Editor in 0.00 ms.
Mono: successfully reloaded assembly
- Completed reload, in  1.060 seconds
Platform modules already initialized, skipping
Refreshing native plugins compatible for Editor in 0.65 ms, found 1 plugins.
Preloading 0 native plugins for Editor in 0.00 ms.
Unloading 4848 Unused Serialized files (Serialized files now loaded: 0)
System memory in use before: 198.8 MB.
System memory in use after: 196.3 MB.

Unloading 43 unused Assets to reduce memory usage. Loaded Objects now: 5525.
Total: 3.865700 ms (FindLiveObjects: 0.309900 ms CreateObjectMapping: 0.271300 ms MarkObjects: 1.854200 ms  DeleteObjects: 1.429500 ms)

========================================================================
Received Prepare
Registering precompiled user dll's ...
Registered in 0.004288 seconds.
Begin MonoManager ReloadAssembly
Native extension for LinuxStandalone target not found
Native extension for WindowsStandalone target not found
Refreshing native plugins compatible for Editor in 0.63 ms, found 1 plugins.
Preloading 0 native plugins for Editor in 0.00 ms.
Mono: successfully reloaded assembly
- Completed reload, in  0.900 seconds
Platform modules already initialized, skipping
Refreshing native plugins compatible for Editor in 0.63 ms, found 1 plugins.
Preloading 0 native plugins for Editor in 0.00 ms.
Unloading 4848 Unused Serialized files (Serialized files now loaded: 0)
System memory in use before: 198.6 MB.
System memory in use after: 196.1 MB.

Unloading 43 unused Assets to reduce memory usage. Loaded Objects now: 5528.
Total: 4.103400 ms (FindLiveObjects: 0.320100 ms CreateObjectMapping: 0.283500 ms MarkObjects: 2.047600 ms  DeleteObjects: 1.451500 ms)

========================================================================
Received Prepare
Registering precompiled user dll's ...
Registered in 0.003576 seconds.
Begin MonoManager ReloadAssembly
Native extension for LinuxStandalone target not found
Native extension for WindowsStandalone target not found
Refreshing native plugins compatible for Editor in 0.64 ms, found 1 plugins.
Preloading 0 native plugins for Editor in 0.00 ms.
Mono: successfully reloaded assembly
- Completed reload, in  0.969 seconds
Platform modules already initialized, skipping
Refreshing native plugins compatible for Editor in 0.62 ms, found 1 plugins.
Preloading 0 native plugins for Editor in 0.00 ms.
Unloading 4848 Unused Serialized files (Serialized files now loaded: 0)
System memory in use before: 198.8 MB.
System memory in use after: 196.3 MB.

Unloading 43 unused Assets to reduce memory usage. Loaded Objects now: 5531.
Total: 4.178700 ms (FindLiveObjects: 0.479700 ms CreateObjectMapping: 0.306700 ms MarkObjects: 1.943900 ms  DeleteObjects: 1.447300 ms)

========================================================================
Received Prepare
Registering precompiled user dll's ...
Registered in 0.002946 seconds.
Begin MonoManager ReloadAssembly
Native extension for LinuxStandalone target not found
Native extension for WindowsStandalone target not found
Refreshing native plugins compatible for Editor in 0.63 ms, found 1 plugins.
Preloading 0 native plugins for Editor in 0.00 ms.
Mono: successfully reloaded assembly
- Completed reload, in  0.938 seconds
Platform modules already initialized, skipping
Refreshing native plugins compatible for Editor in 0.62 ms, found 1 plugins.
Preloading 0 native plugins for Editor in 0.00 ms.
Unloading 4848 Unused Serialized files (Serialized files now loaded: 0)
System memory in use before: 198.8 MB.
System memory in use after: 196.3 MB.

Unloading 43 unused Assets to reduce memory usage. Loaded Objects now: 5534.
Total: 4.037400 ms (FindLiveObjects: 0.347100 ms CreateObjectMapping: 0.283200 ms MarkObjects: 1.981500 ms  DeleteObjects: 1.424900 ms)

========================================================================
Received Prepare
Registering precompiled user dll's ...
Registered in 0.003318 seconds.
Begin MonoManager ReloadAssembly
Native extension for LinuxStandalone target not found
Native extension for WindowsStandalone target not found
Refreshing native plugins compatible for Editor in 0.63 ms, found 1 plugins.
Preloading 0 native plugins for Editor in 0.00 ms.
Mono: successfully reloaded assembly
- Completed reload, in  0.922 seconds
Platform modules already initialized, skipping
Refreshing native plugins compatible for Editor in 0.68 ms, found 1 plugins.
Preloading 0 native plugins for Editor in 0.00 ms.
Unloading 4848 Unused Serialized files (Serialized files now loaded: 0)
System memory in use before: 198.8 MB.
System memory in use after: 196.3 MB.

Unloading 43 unused Assets to reduce memory usage. Loaded Objects now: 5537.
Total: 3.740800 ms (FindLiveObjects: 0.329300 ms CreateObjectMapping: 0.310900 ms MarkObjects: 1.656000 ms  DeleteObjects: 1.443600 ms)

========================================================================
Received Prepare
Registering precompiled user dll's ...
Registered in 0.002959 seconds.
Begin MonoManager ReloadAssembly
Native extension for LinuxStandalone target not found
Native extension for WindowsStandalone target not found
Refreshing native plugins compatible for Editor in 0.66 ms, found 1 plugins.
Preloading 0 native plugins for Editor in 0.00 ms.
Mono: successfully reloaded assembly
- Completed reload, in  0.921 seconds
Platform modules already initialized, skipping
Refreshing native plugins compatible for Editor in 0.63 ms, found 1 plugins.
Preloading 0 native plugins for Editor in 0.00 ms.
Unloading 4848 Unused Serialized files (Serialized files now loaded: 0)
System memory in use before: 198.8 MB.
System memory in use after: 196.3 MB.

Unloading 43 unused Assets to reduce memory usage. Loaded Objects now: 5540.
Total: 3.800200 ms (FindLiveObjects: 0.329500 ms CreateObjectMapping: 0.277400 ms MarkObjects: 1.782700 ms  DeleteObjects: 1.409900 ms)

========================================================================
Received Prepare
Registering precompiled user dll's ...
Registered in 0.002945 seconds.
Begin MonoManager ReloadAssembly
Native extension for LinuxStandalone target not found
Native extension for WindowsStandalone target not found
Refreshing native plugins compatible for Editor in 0.63 ms, found 1 plugins.
Preloading 0 native plugins for Editor in 0.00 ms.
Mono: successfully reloaded assembly
- Completed reload, in  0.935 seconds
Platform modules already initialized, skipping
Refreshing native plugins compatible for Editor in 0.62 ms, found 1 plugins.
Preloading 0 native plugins for Editor in 0.00 ms.
Unloading 4848 Unused Serialized files (Serialized files now loaded: 0)
System memory in use before: 198.6 MB.
System memory in use after: 196.1 MB.

Unloading 43 unused Assets to reduce memory usage. Loaded Objects now: 5543.
Total: 4.245500 ms (FindLiveObjects: 0.343200 ms CreateObjectMapping: 0.412200 ms MarkObjects: 2.004500 ms  DeleteObjects: 1.484500 ms)

========================================================================
Received Prepare
Registering precompiled user dll's ...
Registered in 0.002928 seconds.
Begin MonoManager ReloadAssembly
Native extension for LinuxStandalone target not found
Native extension for WindowsStandalone target not found
Refreshing native plugins compatible for Editor in 0.68 ms, found 1 plugins.
Preloading 0 native plugins for Editor in 0.00 ms.
Mono: successfully reloaded assembly
- Completed reload, in  0.918 seconds
Platform modules already initialized, skipping
Refreshing native plugins compatible for Editor in 0.62 ms, found 1 plugins.
Preloading 0 native plugins for Editor in 0.00 ms.
Unloading 4848 Unused Serialized files (Serialized files now loaded: 0)
System memory in use before: 198.8 MB.
System memory in use after: 196.3 MB.

Unloading 43 unused Assets to reduce memory usage. Loaded Objects now: 5546.
Total: 3.974200 ms (FindLiveObjects: 0.321600 ms CreateObjectMapping: 0.263000 ms MarkObjects: 1.900700 ms  DeleteObjects: 1.487500 ms)

========================================================================
Received Import Request.
  Time since last request: 580.114482 seconds.
  path: Assets/Scripts/Code/Progress System/ProgressBalance.cs
  artifactKey: Guid(8c9f1de99d43e104ead70a105dac6c99) Importer(815301076,1909f56bfc062723c751e8b465ee728b)
Start importing Assets/Scripts/Code/Progress System/ProgressBalance.cs using Guid(8c9f1de99d43e104ead70a105dac6c99) Importer(815301076,1909f56bfc062723c751e8b465ee728b)  -> (artifact id: '309ce417776552b6b0af0bf64bac813c') in 0.005184 seconds 
========================================================================
Received Prepare
Registering precompiled user dll's ...
Registered in 0.002998 seconds.
Begin MonoManager ReloadAssembly
Native extension for LinuxStandalone target not found
Native extension for WindowsStandalone target not found
Refreshing native plugins compatible for Editor in 0.64 ms, found 1 plugins.
Preloading 0 native plugins for Editor in 0.00 ms.
Mono: successfully reloaded assembly
- Completed reload, in  0.886 seconds
Platform modules already initialized, skipping
Refreshing native plugins compatible for Editor in 0.63 ms, found 1 plugins.
Preloading 0 native plugins for Editor in 0.00 ms.
Unloading 4848 Unused Serialized files (Serialized files now loaded: 0)
System memory in use before: 198.8 MB.
System memory in use after: 196.3 MB.

Unloading 43 unused Assets to reduce memory usage. Loaded Objects now: 5549.
Total: 4.206200 ms (FindLiveObjects: 0.479400 ms CreateObjectMapping: 0.300700 ms MarkObjects: 1.896000 ms  DeleteObjects: 1.529200 ms)

