Using pre-set license
Built from '2021.1/release' branch; Version is '2021.1.0f1 (61a549675243) revision 6399305'; Using compiler version '192528614'; Build Type 'Release'
OS: 'Windows 10 Pro; OS build 19042.867; Version 2009; 64bit' Language: 'es' Physical Memory: 16267 MB
BatchMode: 1, IsHumanControllingUs: 0, StartBugReporterOnCrash: 0, Is64bit: 1, IsPro: 0

 COMMAND LINE ARGUMENTS:
E:\UNITY EDITORS\2021.1.0f1\Editor\Unity.exe
-adb2
-batchMode
-noUpm
-name
AssetImportWorker0
-projectPath
C:/Users/sekker/Documents/GitHub/New-Era-WarGame-Project/NE_Project
-logFile
Logs/AssetImportWorker0.log
-srvPort
51236
Successfully changed project path to: C:/Users/sekker/Documents/GitHub/New-Era-WarGame-Project/NE_Project
C:/Users/sekker/Documents/GitHub/New-Era-WarGame-Project/NE_Project
Using Asset Import Pipeline V2.
Refreshing native plugins compatible for Editor in 109.75 ms, found 1 plugins.
Preloading 0 native plugins for Editor in 0.00 ms.
Initialize engine version: 2021.1.0f1 (61a549675243)
[Subsystems] Discovering subsystems at path E:/UNITY EDITORS/2021.1.0f1/Editor/Data/Resources/UnitySubsystems
[Subsystems] Discovering subsystems at path C:/Users/sekker/Documents/GitHub/New-Era-WarGame-Project/NE_Project/Assets
GfxDevice: creating device client; threaded=0; jobified=0
Direct3D:
    Version:  Direct3D 11.0 [level 11.1]
    Renderer: NVIDIA GeForce GTX 1080 Ti (ID=0x1b06)
    Vendor:   NVIDIA
    VRAM:     11127 MB
    Driver:   27.21.14.6140
Initialize mono
Mono path[0] = 'E:/UNITY EDITORS/2021.1.0f1/Editor/Data/Managed'
Mono path[1] = 'E:/UNITY EDITORS/2021.1.0f1/Editor/Data/MonoBleedingEdge/lib/mono/unityjit'
Mono config path = 'E:/UNITY EDITORS/2021.1.0f1/Editor/Data/MonoBleedingEdge/etc'
Using monoOptions --debugger-agent=transport=dt_socket,embedding=1,server=y,suspend=n,address=127.0.0.1:56980
Begin MonoManager ReloadAssembly
Registering precompiled unity dll's ...
Register platform support module: E:/UNITY EDITORS/2021.1.0f1/Editor/Data/PlaybackEngines/WindowsStandaloneSupport/UnityEditor.WindowsStandalone.Extensions.dll
Register platform support module: E:/UNITY EDITORS/2021.1.0f1/Editor/Data/PlaybackEngines/LinuxStandaloneSupport/UnityEditor.LinuxStandalone.Extensions.dll
Registered in 0.001448 seconds.
Native extension for LinuxStandalone target not found
Native extension for WindowsStandalone target not found
Refreshing native plugins compatible for Editor in 112.19 ms, found 1 plugins.
Preloading 0 native plugins for Editor in 0.00 ms.
Mono: successfully reloaded assembly
- Completed reload, in  1.067 seconds
Platform modules already initialized, skipping
Registering precompiled user dll's ...
Registered in 0.004411 seconds.
Begin MonoManager ReloadAssembly
Native extension for LinuxStandalone target not found
Native extension for WindowsStandalone target not found
Refreshing native plugins compatible for Editor in 124.48 ms, found 1 plugins.
Preloading 0 native plugins for Editor in 0.00 ms.
Mono: successfully reloaded assembly
- Completed reload, in  1.308 seconds
Platform modules already initialized, skipping
========================================================================
Worker process is ready to serve import requests
Launched and connected shader compiler UnityShaderCompiler.exe after 0.03 seconds
Refreshing native plugins compatible for Editor in 0.93 ms, found 1 plugins.
Preloading 0 native plugins for Editor in 0.00 ms.
Unloading 5087 Unused Serialized files (Serialized files now loaded: 0)
System memory in use before: 208.3 MB.
System memory in use after: 205.8 MB.

Unloading 48 unused Assets to reduce memory usage. Loaded Objects now: 5509.
Total: 4.057100 ms (FindLiveObjects: 0.343400 ms CreateObjectMapping: 0.304800 ms MarkObjects: 2.070600 ms  DeleteObjects: 1.336900 ms)

========================================================================
Received Import Request.
  path: Assets/1.asset
  artifactKey: Guid(daf66d67a4c239c49825281b52cb6684) Importer(815301076,1909f56bfc062723c751e8b465ee728b)
Start importing Assets/1.asset using Guid(daf66d67a4c239c49825281b52cb6684) Importer(815301076,1909f56bfc062723c751e8b465ee728b)  -> (artifact id: 'aaf2185b45fcc01db7e02d32bbd7969f') in 0.040690 seconds 
========================================================================
Received Prepare
Registering precompiled user dll's ...
Registered in 0.003608 seconds.
Begin MonoManager ReloadAssembly
Native extension for LinuxStandalone target not found
Native extension for WindowsStandalone target not found
Refreshing native plugins compatible for Editor in 0.66 ms, found 1 plugins.
Preloading 0 native plugins for Editor in 0.00 ms.
Mono: successfully reloaded assembly
- Completed reload, in  1.033 seconds
Platform modules already initialized, skipping
Refreshing native plugins compatible for Editor in 0.64 ms, found 1 plugins.
Preloading 0 native plugins for Editor in 0.00 ms.
Unloading 4844 Unused Serialized files (Serialized files now loaded: 0)
System memory in use before: 198.5 MB.
System memory in use after: 196.0 MB.

Unloading 43 unused Assets to reduce memory usage. Loaded Objects now: 5512.
Total: 5.187500 ms (FindLiveObjects: 0.393200 ms CreateObjectMapping: 0.269900 ms MarkObjects: 2.721300 ms  DeleteObjects: 1.802300 ms)

========================================================================
Received Prepare
Registering precompiled user dll's ...
Registered in 0.003035 seconds.
Begin MonoManager ReloadAssembly
Native extension for LinuxStandalone target not found
Native extension for WindowsStandalone target not found
Refreshing native plugins compatible for Editor in 0.64 ms, found 1 plugins.
Preloading 0 native plugins for Editor in 0.00 ms.
Mono: successfully reloaded assembly
- Completed reload, in  0.983 seconds
Platform modules already initialized, skipping
Refreshing native plugins compatible for Editor in 0.63 ms, found 1 plugins.
Preloading 0 native plugins for Editor in 0.00 ms.
Unloading 4844 Unused Serialized files (Serialized files now loaded: 0)
System memory in use before: 198.6 MB.
System memory in use after: 196.1 MB.

Unloading 43 unused Assets to reduce memory usage. Loaded Objects now: 5515.
Total: 5.317800 ms (FindLiveObjects: 0.473200 ms CreateObjectMapping: 0.351200 ms MarkObjects: 3.130500 ms  DeleteObjects: 1.361500 ms)

========================================================================
Received Import Request.
  Time since last request: 219.153134 seconds.
  path: Assets/Settings/PowerUp.asset
  artifactKey: Guid(62ae41d6712603b42a6bf9f0df993f58) Importer(815301076,1909f56bfc062723c751e8b465ee728b)
Start importing Assets/Settings/PowerUp.asset using Guid(62ae41d6712603b42a6bf9f0df993f58) Importer(815301076,1909f56bfc062723c751e8b465ee728b)  -> (artifact id: 'bdb3950bb73f779ec49d7f6632e3269b') in 0.013907 seconds 
========================================================================
Received Prepare
Registering precompiled user dll's ...
Registered in 0.003305 seconds.
Begin MonoManager ReloadAssembly
Native extension for LinuxStandalone target not found
Native extension for WindowsStandalone target not found
Refreshing native plugins compatible for Editor in 0.64 ms, found 1 plugins.
Preloading 0 native plugins for Editor in 0.00 ms.
Mono: successfully reloaded assembly
- Completed reload, in  1.008 seconds
Platform modules already initialized, skipping
Refreshing native plugins compatible for Editor in 0.64 ms, found 1 plugins.
Preloading 0 native plugins for Editor in 0.00 ms.
Unloading 4844 Unused Serialized files (Serialized files now loaded: 0)
System memory in use before: 198.7 MB.
System memory in use after: 196.1 MB.

Unloading 43 unused Assets to reduce memory usage. Loaded Objects now: 5518.
Total: 5.461400 ms (FindLiveObjects: 0.477300 ms CreateObjectMapping: 0.307200 ms MarkObjects: 3.122300 ms  DeleteObjects: 1.553400 ms)

AssetImportWorkerClient::OnTransportError - code=2 error=End of file
